2023-5-27 10:42:21 - wp_rcp_discounts table upgrade to 202003311 successful.
2023-5-27 10:42:21 - wp_rcp_discounts table upgrade to 202003312 successful.
2023-5-27 10:42:22 - wp_rcp_discounts table upgrade to 202003313 successful.
2023-5-27 10:42:22 - wp_rcp_discounts table upgrade to 202003311 successful.
2023-5-27 10:42:22 - wp_rcp_discounts table upgrade to 202003312 successful.
2023-5-27 10:42:22 - wp_rcp_discounts table upgrade to 202003313 successful.
2023-5-27 12:46:33 - Starting rcp_check_for_expired_users() cron job.
2023-5-27 12:46:33 - Starting rcp_check_for_soon_to_expire_users() cron job.
2023-5-27 12:46:33 - Starting rcp_check_member_counts() cron job.
2023-5-27 12:46:33 - Starting rcp_mark_abandoned_payments() cron job.
2023-5-31 13:29:25 - Starting rcp_check_for_expired_users() cron job.
2023-5-31 13:29:25 - Starting rcp_check_for_soon_to_expire_users() cron job.
2023-5-31 13:29:25 - Starting rcp_check_member_counts() cron job.
2023-5-31 13:29:25 - Starting rcp_mark_abandoned_payments() cron job.
2023-6-04 17:43:15 - Starting rcp_check_for_expired_users() cron job.
2023-6-04 17:43:15 - Starting rcp_check_for_soon_to_expire_users() cron job.
2023-6-04 17:43:15 - Starting rcp_check_member_counts() cron job.
2023-6-04 17:43:15 - Starting rcp_mark_abandoned_payments() cron job.
2023-6-05 16:33:47 - Starting rcp_check_for_expired_users() cron job.
2023-6-05 16:33:47 - Starting rcp_check_for_soon_to_expire_users() cron job.
2023-6-05 16:33:47 - Starting rcp_check_member_counts() cron job.
2023-6-05 16:33:48 - Starting rcp_mark_abandoned_payments() cron job.
2023-6-06 12:46:12 - Starting rcp_check_for_expired_users() cron job.
2023-6-06 12:46:12 - Starting rcp_check_for_soon_to_expire_users() cron job.
2023-6-06 12:46:12 - Starting rcp_check_member_counts() cron job.
2023-6-06 12:46:12 - Starting rcp_mark_abandoned_payments() cron job.
2023-6-07 16:57:50 - Starting rcp_check_for_expired_users() cron job.
2023-6-07 16:57:50 - Starting rcp_check_for_soon_to_expire_users() cron job.
2023-6-07 16:57:50 - Starting rcp_check_member_counts() cron job.
2023-6-07 16:57:50 - Starting rcp_mark_abandoned_payments() cron job.
2023-6-09 18:36:35 - Starting rcp_check_for_expired_users() cron job.
2023-6-09 18:36:35 - Starting rcp_check_for_soon_to_expire_users() cron job.
2023-6-09 18:36:35 - Starting rcp_check_member_counts() cron job.
2023-6-09 18:36:35 - Starting rcp_mark_abandoned_payments() cron job.
